<?xml version="1.0" encoding="UTF-8"?>
<!-- Generated by org.testng.reporters.JUnitReportReporter -->
<testsuite skipped="1" hostname="DESKTOP-NMH8UGV" name="com.test.Session4.MouseScroll" tests="2" failures="0" timestamp="2020-05-08T23:33:50 CDT" time="14.400" errors="1">
  <testcase name="launchBrowser" time="14.400" classname="com.test.Session4.MouseScroll">
    <error type="org.openqa.selenium.SessionNotCreatedException" message="session not created
from chrome not reachable
  (Session info: chrome=81.0.4044.138)
Build info: version: &#039;3.141.59&#039;, revision: &#039;e82be7d358&#039;, time: &#039;2018-11-14T08:17:03&#039;
System info: host: &#039;DESKTOP-NMH8UGV&#039;, ip: &#039;192.168.1.121&#039;, os.name: &#039;Windows 10&#039;, os.arch: &#039;amd64&#039;, os.version: &#039;10.0&#039;, java.version: &#039;1.8.0_221&#039;
Driver info: driver.version: ChromeDriver
remote stacktrace: Backtrace:
	Ordinal0 [0x009C5E93+2449043]
	Ordinal0 [0x008F8281+1606273]
	Ordinal0 [0x007EF732+522034]
	Ordinal0 [0x007E94D2+496850]
	Ordinal0 [0x007E9BBB+498619]
	Ordinal0 [0x007EAB15+502549]
	Ordinal0 [0x007E6644+484932]
	Ordinal0 [0x007F0520+525600]
	Ordinal0 [0x0079CBB9+183225]
	Ordinal0 [0x0079BF2D+180013]
	Ordinal0 [0x00799E5B+171611]
	Ordinal0 [0x00781DD8+73176]
	Ordinal0 [0x00782E50+77392]
	Ordinal0 [0x00782DE9+77289]
	Ordinal0 [0x0090D7F7+1693687]
	GetHandleVerifier [0x00A64576+522742]
	GetHandleVerifier [0x00A642B4+522036]
	GetHandleVerifier [0x00A79587+608775]
	GetHandleVerifier [0x00A64DE6+524902]
	Ordinal0 [0x00905BDC+1661916]
	Ordinal0 [0x0090F15B+1700187]
	Ordinal0 [0x0090F2C3+1700547]
	Ordinal0 [0x00925135+1790261]
	BaseThreadInitThunk [0x75546359+25]
	RtlGetAppContainerNamedObjectPath [0x77037C14+228]
	RtlGetAppContainerNamedObjectPath [0x77037BE4+180]
">
      <![CDATA[org.openqa.selenium.SessionNotCreatedException: session not created
from chrome not reachable
  (Session info: chrome=81.0.4044.138)
Build info: version: '3.141.59', revision: 'e82be7d358', time: '2018-11-14T08:17:03'
System info: host: 'DESKTOP-NMH8UGV', ip: '192.168.1.121', os.name: 'Windows 10', os.arch: 'amd64', os.version: '10.0', java.version: '1.8.0_221'
Driver info: driver.version: ChromeDriver
remote stacktrace: Backtrace:
Ordinal0 [0x009C5E93+2449043]
Ordinal0 [0x008F8281+1606273]
Ordinal0 [0x007EF732+522034]
Ordinal0 [0x007E94D2+496850]
Ordinal0 [0x007E9BBB+498619]
Ordinal0 [0x007EAB15+502549]
Ordinal0 [0x007E6644+484932]
Ordinal0 [0x007F0520+525600]
Ordinal0 [0x0079CBB9+183225]
Ordinal0 [0x0079BF2D+180013]
Ordinal0 [0x00799E5B+171611]
Ordinal0 [0x00781DD8+73176]
Ordinal0 [0x00782E50+77392]
Ordinal0 [0x00782DE9+77289]
Ordinal0 [0x0090D7F7+1693687]
GetHandleVerifier [0x00A64576+522742]
GetHandleVerifier [0x00A642B4+522036]
GetHandleVerifier [0x00A79587+608775]
GetHandleVerifier [0x00A64DE6+524902]
Ordinal0 [0x00905BDC+1661916]
Ordinal0 [0x0090F15B+1700187]
Ordinal0 [0x0090F2C3+1700547]
Ordinal0 [0x00925135+1790261]
BaseThreadInitThunk [0x75546359+25]
RtlGetAppContainerNamedObjectPath [0x77037C14+228]
RtlGetAppContainerNamedObjectPath [0x77037BE4+180]

at sun.reflect.NativeConstructorAccessorImpl.newInstance0(Native Method)
at sun.reflect.NativeConstructorAccessorImpl.newInstance(NativeConstructorAccessorImpl.java:62)
at sun.reflect.DelegatingConstructorAccessorImpl.newInstance(DelegatingConstructorAccessorImpl.java:45)
at java.lang.reflect.Constructor.newInstance(Constructor.java:423)
at org.openqa.selenium.remote.W3CHandshakeResponse.lambda$errorHandler$0(W3CHandshakeResponse.java:62)
at org.openqa.selenium.remote.HandshakeResponse.lambda$getResponseFunction$0(HandshakeResponse.java:30)
at org.openqa.selenium.remote.ProtocolHandshake.lambda$createSession$0(ProtocolHandshake.java:126)
at java.util.stream.ReferencePipeline$3$1.accept(ReferencePipeline.java:193)
at java.util.Spliterators$ArraySpliterator.tryAdvance(Spliterators.java:958)
at java.util.stream.ReferencePipeline.forEachWithCancel(ReferencePipeline.java:126)
at java.util.stream.AbstractPipeline.copyIntoWithCancel(AbstractPipeline.java:499)
at java.util.stream.AbstractPipeline.copyInto(AbstractPipeline.java:486)
at java.util.stream.AbstractPipeline.wrapAndCopyInto(AbstractPipeline.java:472)
at java.util.stream.FindOps$FindOp.evaluateSequential(FindOps.java:152)
at java.util.stream.AbstractPipeline.evaluate(AbstractPipeline.java:234)
at java.util.stream.ReferencePipeline.findFirst(ReferencePipeline.java:464)
at org.openqa.selenium.remote.ProtocolHandshake.createSession(ProtocolHandshake.java:128)
at org.openqa.selenium.remote.ProtocolHandshake.createSession(ProtocolHandshake.java:74)
at org.openqa.selenium.remote.HttpCommandExecutor.execute(HttpCommandExecutor.java:136)
at org.openqa.selenium.remote.service.DriverCommandExecutor.execute(DriverCommandExecutor.java:83)
at org.openqa.selenium.remote.RemoteWebDriver.execute(RemoteWebDriver.java:552)
at org.openqa.selenium.remote.RemoteWebDriver.startSession(RemoteWebDriver.java:213)
at org.openqa.selenium.remote.RemoteWebDriver.<init>(RemoteWebDriver.java:131)
at org.openqa.selenium.chrome.ChromeDriver.<init>(ChromeDriver.java:181)
at org.openqa.selenium.chrome.ChromeDriver.<init>(ChromeDriver.java:168)
at org.openqa.selenium.chrome.ChromeDriver.<init>(ChromeDriver.java:123)
at com.test.Session4.MouseScroll.launchBrowser(MouseScroll.java:16)
at sun.reflect.NativeMethodAccessorImpl.invoke0(Native Method)
at sun.reflect.NativeMethodAccessorImpl.invoke(NativeMethodAccessorImpl.java:62)
at sun.reflect.DelegatingMethodAccessorImpl.invoke(DelegatingMethodAccessorImpl.java:43)
at java.lang.reflect.Method.invoke(Method.java:498)
at org.testng.internal.MethodInvocationHelper.invokeMethod(MethodInvocationHelper.java:135)
at org.testng.internal.MethodInvocationHelper.invokeMethodConsideringTimeout(MethodInvocationHelper.java:64)
at org.testng.internal.ConfigInvoker.invokeConfigurationMethod(ConfigInvoker.java:364)
at org.testng.internal.ConfigInvoker.invokeConfigurations(ConfigInvoker.java:318)
at org.testng.TestRunner.invokeTestConfigurations(TestRunner.java:620)
at org.testng.TestRunner.beforeRun(TestRunner.java:610)
at org.testng.TestRunner.run(TestRunner.java:581)
at org.testng.SuiteRunner.runTest(SuiteRunner.java:384)
at org.testng.SuiteRunner.runSequentially(SuiteRunner.java:378)
at org.testng.SuiteRunner.privateRun(SuiteRunner.java:337)
at org.testng.SuiteRunner.run(SuiteRunner.java:286)
at org.testng.SuiteRunnerWorker.runSuite(SuiteRunnerWorker.java:53)
at org.testng.SuiteRunnerWorker.run(SuiteRunnerWorker.java:96)
at org.testng.TestNG.runSuitesSequentially(TestNG.java:1214)
at org.testng.TestNG.runSuitesLocally(TestNG.java:1136)
at org.testng.TestNG.runSuites(TestNG.java:1066)
at org.testng.TestNG.run(TestNG.java:1034)
at org.testng.remote.AbstractRemoteTestNG.run(AbstractRemoteTestNG.java:115)
at org.testng.remote.RemoteTestNG.initAndRun(RemoteTestNG.java:251)
at org.testng.remote.RemoteTestNG.main(RemoteTestNG.java:77)
]]>
    </error>
  </testcase> <!-- launchBrowser -->
  <system-out/>
  <testcase name="testMouseScroll" time="0.000" classname="com.test.Session4.MouseScroll">
    <skipped/>
  </testcase> <!-- testMouseScroll -->
  <system-out/>
</testsuite> <!-- com.test.Session4.MouseScroll -->
